<?xml version="1.0" encoding="UTF-8"?>
<!-- Generated by org.testng.reporters.JUnitReportReporter -->
<testsuite hostname="DESKTOP-1S1HMOG" failures="0" tests="2" name="jenPack2Tests.Jen2Test" time="7.680" errors="0" timestamp="26 Dec 2023 06:34:15 GMT" skipped="0">
  <testcase classname="jenPack2Tests.Jen2Test" name="m2Test" time="7.679"/>
  <testcase classname="jenPack2Tests.Jen2Test" name="selviTest" time="0.001"/>
</testsuite> <!-- jenPack2Tests.Jen2Test -->
