<?xml version="1.0" encoding="UTF-8"?>
<!-- Generated by org.testng.reporters.JUnitReportReporter -->
<testsuite hostname="DESKTOP-1S1HMOG" failures="0" tests="1" name="jenPack1Tests.Jen1Test" time="0.009" errors="0" timestamp="26 Dec 2023 05:35:45 GMT" skipped="0">
  <testcase classname="jenPack1Tests.Jen1Test" name="m1" time="0.009"/>
</testsuite> <!-- jenPack1Tests.Jen1Test -->
